<?xml version="1.0" encoding="UTF-8"?>
<!-- Generated by org.testng.reporters.JUnitXMLReporter -->
<testsuite ignored="0" hostname="IND-SagarBavisa-Dell3420" failures="1" tests="1" name="Test" time="8.906" errors="0" timestamp="17 Oct 2024 19:03:36 GMT">
  <testcase classname="com.tmb.tests.AmazonDemoTest" name="amazonTest" time="2.349">
    <failure type="org.openqa.selenium.ElementClickInterceptedException" message="element click intercepted: Element &amp;lt;a href=&amp;quot;/gp/browse.html?node=1375424031&amp;amp;amp;ref_=nav_em_sbc_mobcomp_laptops_0_2_8_15&amp;quot; class=&amp;quot;hmenu-item&amp;quot;&amp;gt;...&amp;lt;/a&amp;gt; is not clickable at point (174, 613). Other element would receive the click: &amp;lt;a href=&amp;quot;/gp/browse.html?node=976451031&amp;amp;amp;ref_=nav_em_sbc_mobcomp_software_0_2_8_12&amp;quot; class=&amp;quot;hmenu-item&amp;quot;&amp;gt;...&amp;lt;/a&amp;gt;
  (Session info: chrome=129.0.6668.101)
Build info: version: &amp;apos;4.24.0&amp;apos;, revision: &amp;apos;748ffc9bc3&amp;apos;
System info: os.name: &amp;apos;Windows 11&amp;apos;, os.arch: &amp;apos;amd64&amp;apos;, os.version: &amp;apos;10.0&amp;apos;, java.version: &amp;apos;17.0.3&amp;apos;
Driver info: org.openqa.selenium.chrome.ChromeDriver
Command: [baa507b3a92a69d06ab93d8e942b7906, clickElement {id=f.08FA03C274E66B2D604B4E8AA7F77512.d.B4D2FE62878912E191A479535C3A3C87.e.48}]
Capabilities {acceptInsecureCerts: false, browserName: chrome, browserVersion: 129.0.6668.101, chrome: {chromedriverVersion: 129.0.6668.100 (cf58cba358d..., userDataDir: C:\Users\sbavisa\AppData\Lo...}, fedcm:accounts: true, goog:chromeOptions: {debuggerAddress: localhost:50318}, networkConnectionEnabled: false, pageLoadStrategy: normal, platformName: windows, proxy: Proxy(), se:cdp: ws://localhost:50318/devtoo..., se:cdpVersion: 129.0.6668.101, setWindowRect: true, strictFileInteractability: false, timeouts: {implicit: 0, pageLoad: 300000, script: 30000}, unhandledPromptBehavior: dismiss and notify, webauthn:extension:credBlob: true, webauthn:extension:largeBlob: true, webauthn:extension:minPinLength: true, webauthn:extension:prf: true, webauthn:virtualAuthenticators: true}
Element: [[ChromeDriver: chrome on windows (baa507b3a92a69d06ab93d8e942b7906)] -&amp;gt; xpath: //a[text()=&amp;apos;Laptops&amp;apos;]]
Session ID: baa507b3a92a69d06ab93d8e942b7906">
      <![CDATA[org.openqa.selenium.ElementClickInterceptedException: element click intercepted: Element <a href="/gp/browse.html?node=1375424031&amp;ref_=nav_em_sbc_mobcomp_laptops_0_2_8_15" class="hmenu-item">...</a> is not clickable at point (174, 613). Other element would receive the click: <a href="/gp/browse.html?node=976451031&amp;ref_=nav_em_sbc_mobcomp_software_0_2_8_12" class="hmenu-item">...</a>
  (Session info: chrome=129.0.6668.101)
Build info: version: '4.24.0', revision: '748ffc9bc3'
System info: os.name: 'Windows 11', os.arch: 'amd64', os.version: '10.0', java.version: '17.0.3'
Driver info: org.openqa.selenium.chrome.ChromeDriver
Command: [baa507b3a92a69d06ab93d8e942b7906, clickElement {id=f.08FA03C274E66B2D604B4E8AA7F77512.d.B4D2FE62878912E191A479535C3A3C87.e.48}]
Capabilities {acceptInsecureCerts: false, browserName: chrome, browserVersion: 129.0.6668.101, chrome: {chromedriverVersion: 129.0.6668.100 (cf58cba358d..., userDataDir: C:\Users\sbavisa\AppData\Lo...}, fedcm:accounts: true, goog:chromeOptions: {debuggerAddress: localhost:50318}, networkConnectionEnabled: false, pageLoadStrategy: normal, platformName: windows, proxy: Proxy(), se:cdp: ws://localhost:50318/devtoo..., se:cdpVersion: 129.0.6668.101, setWindowRect: true, strictFileInteractability: false, timeouts: {implicit: 0, pageLoad: 300000, script: 30000}, unhandledPromptBehavior: dismiss and notify, webauthn:extension:credBlob: true, webauthn:extension:largeBlob: true, webauthn:extension:minPinLength: true, webauthn:extension:prf: true, webauthn:virtualAuthenticators: true}
Element: [[ChromeDriver: chrome on windows (baa507b3a92a69d06ab93d8e942b7906)] -> xpath: //a[text()='Laptops']]
Session ID: baa507b3a92a69d06ab93d8e942b7906
at org.openqa.selenium.remote.ErrorCodec.decode(ErrorCodec.java:167)
at org.openqa.selenium.remote.codec.w3c.W3CHttpResponseCodec.decode(W3CHttpResponseCodec.java:138)
at org.openqa.selenium.remote.codec.w3c.W3CHttpResponseCodec.decode(W3CHttpResponseCodec.java:50)
at org.openqa.selenium.remote.HttpCommandExecutor.execute(HttpCommandExecutor.java:190)
at org.openqa.selenium.remote.service.DriverCommandExecutor.invokeExecute(DriverCommandExecutor.java:216)
at org.openqa.selenium.remote.service.DriverCommandExecutor.execute(DriverCommandExecutor.java:174)
at org.openqa.selenium.remote.RemoteWebDriver.execute(RemoteWebDriver.java:545)
at org.openqa.selenium.remote.RemoteWebElement.execute(RemoteWebElement.java:223)
at org.openqa.selenium.remote.RemoteWebElement.click(RemoteWebElement.java:76)
at com.tmb.pages.BasePage.click(BasePage.java:20)
at com.tmb.pages.AmazonHamburgerMenuPage.clickSubMenuItem(AmazonHamburgerMenuPage.java:13)
at com.tmb.tests.AmazonDemoTest.amazonTest(AmazonDemoTest.java:17)
at java.base/java.util.concurrent.FutureTask.run(FutureTask.java:264)
at java.base/java.util.concurrent.Executors$RunnableAdapter.call(Executors.java:539)
at java.base/java.util.concurrent.FutureTask.run(FutureTask.java:264)
at java.base/java.util.concurrent.ThreadPoolExecutor.runWorker(ThreadPoolExecutor.java:1136)
at java.base/java.util.concurrent.ThreadPoolExecutor$Worker.run(ThreadPoolExecutor.java:635)
at java.base/java.lang.Thread.run(Thread.java:833)
... Removed 14 stack frames]]>
    </failure>
  </testcase> <!-- amazonTest -->
</testsuite> <!-- Test -->
