<?xml version="1.0" encoding="UTF-8"?>
<!-- Generated by org.testng.reporters.JUnitXMLReporter -->
<testsuite ignored="0" hostname="IND-SagarBavisa-Dell3420" failures="1" tests="1" name="Test" time="12.474" errors="0" timestamp="19 Oct 2024 06:57:09 GMT">
  <testcase classname="com.tmb.tests.AmazonDemoTest" name="amazonTest" time="2.893">
    <failure type="org.openqa.selenium.ElementClickInterceptedException" message="element click intercepted: Element &amp;lt;a href=&amp;quot;/gp/browse.html?node=1375424031&amp;amp;amp;ref_=nav_em_sbc_mobcomp_laptops_0_2_8_15&amp;quot; class=&amp;quot;hmenu-item&amp;quot;&amp;gt;...&amp;lt;/a&amp;gt; is not clickable at point (174, 640). Other element would receive the click: &amp;lt;ul class=&amp;quot;hmenu hmenu-visible hmenu-translateX&amp;quot; data-menu-id=&amp;quot;8&amp;quot; data-parent-menu-id=&amp;quot;1&amp;quot;&amp;gt;...&amp;lt;/ul&amp;gt;
  (Session info: chrome=129.0.6668.101)
Build info: version: &amp;apos;4.24.0&amp;apos;, revision: &amp;apos;748ffc9bc3&amp;apos;
System info: os.name: &amp;apos;Windows 11&amp;apos;, os.arch: &amp;apos;amd64&amp;apos;, os.version: &amp;apos;10.0&amp;apos;, java.version: &amp;apos;17.0.3&amp;apos;
Driver info: org.openqa.selenium.chrome.ChromeDriver
Command: [946737d6c84a8ffaf7b6aa14e30241c6, clickElement {id=f.B7E9ED725CDA0325D6A7D519DE0BFB4E.d.7B2401D4D38CA06A10EC8F1AC5C4694F.e.89}]
Capabilities {acceptInsecureCerts: false, browserName: chrome, browserVersion: 129.0.6668.101, chrome: {chromedriverVersion: 129.0.6668.100 (cf58cba358d..., userDataDir: C:\Users\sbavisa\AppData\Lo...}, fedcm:accounts: true, goog:chromeOptions: {debuggerAddress: localhost:59050}, networkConnectionEnabled: false, pageLoadStrategy: normal, platformName: windows, proxy: Proxy(), se:cdp: ws://localhost:59050/devtoo..., se:cdpVersion: 129.0.6668.101, setWindowRect: true, strictFileInteractability: false, timeouts: {implicit: 0, pageLoad: 300000, script: 30000}, unhandledPromptBehavior: dismiss and notify, webauthn:extension:credBlob: true, webauthn:extension:largeBlob: true, webauthn:extension:minPinLength: true, webauthn:extension:prf: true, webauthn:virtualAuthenticators: true}
Element: [[ChromeDriver: chrome on windows (946737d6c84a8ffaf7b6aa14e30241c6)] -&amp;gt; xpath: //a[text()=&amp;apos;Laptops&amp;apos;]]
Session ID: 946737d6c84a8ffaf7b6aa14e30241c6">
      <![CDATA[org.openqa.selenium.ElementClickInterceptedException: element click intercepted: Element <a href="/gp/browse.html?node=1375424031&amp;ref_=nav_em_sbc_mobcomp_laptops_0_2_8_15" class="hmenu-item">...</a> is not clickable at point (174, 640). Other element would receive the click: <ul class="hmenu hmenu-visible hmenu-translateX" data-menu-id="8" data-parent-menu-id="1">...</ul>
  (Session info: chrome=129.0.6668.101)
Build info: version: '4.24.0', revision: '748ffc9bc3'
System info: os.name: 'Windows 11', os.arch: 'amd64', os.version: '10.0', java.version: '17.0.3'
Driver info: org.openqa.selenium.chrome.ChromeDriver
Command: [946737d6c84a8ffaf7b6aa14e30241c6, clickElement {id=f.B7E9ED725CDA0325D6A7D519DE0BFB4E.d.7B2401D4D38CA06A10EC8F1AC5C4694F.e.89}]
Capabilities {acceptInsecureCerts: false, browserName: chrome, browserVersion: 129.0.6668.101, chrome: {chromedriverVersion: 129.0.6668.100 (cf58cba358d..., userDataDir: C:\Users\sbavisa\AppData\Lo...}, fedcm:accounts: true, goog:chromeOptions: {debuggerAddress: localhost:59050}, networkConnectionEnabled: false, pageLoadStrategy: normal, platformName: windows, proxy: Proxy(), se:cdp: ws://localhost:59050/devtoo..., se:cdpVersion: 129.0.6668.101, setWindowRect: true, strictFileInteractability: false, timeouts: {implicit: 0, pageLoad: 300000, script: 30000}, unhandledPromptBehavior: dismiss and notify, webauthn:extension:credBlob: true, webauthn:extension:largeBlob: true, webauthn:extension:minPinLength: true, webauthn:extension:prf: true, webauthn:virtualAuthenticators: true}
Element: [[ChromeDriver: chrome on windows (946737d6c84a8ffaf7b6aa14e30241c6)] -> xpath: //a[text()='Laptops']]
Session ID: 946737d6c84a8ffaf7b6aa14e30241c6
at org.openqa.selenium.remote.ErrorCodec.decode(ErrorCodec.java:167)
at org.openqa.selenium.remote.codec.w3c.W3CHttpResponseCodec.decode(W3CHttpResponseCodec.java:138)
at org.openqa.selenium.remote.codec.w3c.W3CHttpResponseCodec.decode(W3CHttpResponseCodec.java:50)
at org.openqa.selenium.remote.HttpCommandExecutor.execute(HttpCommandExecutor.java:190)
at org.openqa.selenium.remote.service.DriverCommandExecutor.invokeExecute(DriverCommandExecutor.java:216)
at org.openqa.selenium.remote.service.DriverCommandExecutor.execute(DriverCommandExecutor.java:174)
at org.openqa.selenium.remote.RemoteWebDriver.execute(RemoteWebDriver.java:545)
at org.openqa.selenium.remote.RemoteWebElement.execute(RemoteWebElement.java:223)
at org.openqa.selenium.remote.RemoteWebElement.click(RemoteWebElement.java:76)
at com.tmb.pages.BasePage.click(BasePage.java:26)
at com.tmb.pages.AmazonHamburgerMenuPage.clickSubMenuItem(AmazonHamburgerMenuPage.java:16)
at com.tmb.tests.AmazonDemoTest.amazonTest(AmazonDemoTest.java:21)
at java.base/java.util.concurrent.FutureTask.run(FutureTask.java:264)
at java.base/java.util.concurrent.Executors$RunnableAdapter.call(Executors.java:539)
at java.base/java.util.concurrent.FutureTask.run(FutureTask.java:264)
at java.base/java.util.concurrent.ThreadPoolExecutor.runWorker(ThreadPoolExecutor.java:1136)
at java.base/java.util.concurrent.ThreadPoolExecutor$Worker.run(ThreadPoolExecutor.java:635)
at java.base/java.lang.Thread.run(Thread.java:833)
... Removed 14 stack frames]]>
    </failure>
  </testcase> <!-- amazonTest -->
</testsuite> <!-- Test -->
