<?xml version="1.0" encoding="UTF-8"?>
<testng-results ignored="0" total="3" passed="3" failed="0" skipped="0">
  <reporter-output>
  </reporter-output>
  <suite started-at="2024-09-30T11:32:18Z" name="Suite" finished-at="2024-09-30T11:32:18Z" duration-ms="75">
    <groups>
    </groups>
    <test started-at="2024-09-30T11:32:18Z" name="Test" finished-at="2024-09-30T11:32:18Z" duration-ms="75">
      <class name="com.tmb.tests.DataProviderTest">
        <test-method signature="testDataProvider([Ljava.lang.Object;)[pri:0, instance:com.tmb.tests.DataProviderTest@291caca8]" started-at="2024-09-30T11:32:18Z" name="testDataProvider" data-provider="testData1" finished-at="2024-09-30T11:32:18Z" duration-ms="18" status="PASS">
          <params>
            <param index="0">
              <value>
                <![CDATA[[Ljava.lang.Object;@5d7148e2]]>
              </value>
            </param>
          </params>
          <reporter-output>
          </reporter-output>
        </test-method> <!-- testDataProvider -->
        <test-method signature="testDataProvider([Ljava.lang.Object;)[pri:0, instance:com.tmb.tests.DataProviderTest@291caca8]" started-at="2024-09-30T11:32:18Z" name="testDataProvider" data-provider="testData1" finished-at="2024-09-30T11:32:18Z" duration-ms="2" status="PASS">
          <params>
            <param index="0">
              <value>
                <![CDATA[[Ljava.lang.Object;@25fb8912]]>
              </value>
            </param>
          </params>
          <reporter-output>
          </reporter-output>
        </test-method> <!-- testDataProvider -->
        <test-method signature="testDataProvider([Ljava.lang.Object;)[pri:0, instance:com.tmb.tests.DataProviderTest@291caca8]" started-at="2024-09-30T11:32:18Z" name="testDataProvider" data-provider="testData1" finished-at="2024-09-30T11:32:18Z" duration-ms="1" status="PASS">
          <params>
            <param index="0">
              <value>
                <![CDATA[[Ljava.lang.Object;@7c24b813]]>
              </value>
            </param>
          </params>
          <reporter-output>
          </reporter-output>
        </test-method> <!-- testDataProvider -->
      </class> <!-- com.tmb.tests.DataProviderTest -->
    </test> <!-- Test -->
  </suite> <!-- Suite -->
</testng-results>
