<?xml version="1.0" encoding="UTF-8"?>
<testng-results ignored="0" total="1" passed="1" failed="0" skipped="0">
  <reporter-output>
  </reporter-output>
  <suite started-at="2024-09-28T08:41:53Z" name="Suite" finished-at="2024-09-28T08:42:28Z" duration-ms="35492">
    <groups>
    </groups>
    <test started-at="2024-09-28T08:41:53Z" name="Test" finished-at="2024-09-28T08:42:28Z" duration-ms="35492">
      <class name="com.tmb.tests.OrangeHRMTests">
        <test-method is-config="true" signature="setUp()[pri:0, instance:com.tmb.tests.OrangeHRMTests@1757cd72]" started-at="2024-09-28T08:41:53Z" name="setUp" finished-at="2024-09-28T08:42:22Z" duration-ms="29229" status="PASS">
          <reporter-output>
          </reporter-output>
        </test-method> <!-- setUp -->
        <test-method signature="loginLogoutTest()[pri:0, instance:com.tmb.tests.OrangeHRMTests@1757cd72]" started-at="2024-09-28T08:42:22Z" name="loginLogoutTest" finished-at="2024-09-28T08:42:28Z" duration-ms="5880" status="PASS">
          <reporter-output>
          </reporter-output>
        </test-method> <!-- loginLogoutTest -->
        <test-method is-config="true" signature="tearDown()[pri:0, instance:com.tmb.tests.OrangeHRMTests@1757cd72]" started-at="2024-09-28T08:42:28Z" name="tearDown" finished-at="2024-09-28T08:42:28Z" duration-ms="342" status="PASS">
          <reporter-output>
          </reporter-output>
        </test-method> <!-- tearDown -->
      </class> <!-- com.tmb.tests.OrangeHRMTests -->
    </test> <!-- Test -->
  </suite> <!-- Suite -->
</testng-results>
